Compilación iniciada a las 03/11/2015 12:24:19.
     1>Proyecto "C:\Users\usuario\Desktop\P8\DenseLinearsolver\DenseLinearsolver\DenseLinearsolver.vcxproj" en el nodo 2 (Build destinos).
     1>ClCompile:
         C:\Program Files (x86)\Microsoft Visual Studio 12.0\VC\bin\x86_amd64\CL.exe /c /I"C:\Program Files\NVIDIA GPU Computing Toolkit\CUDA\v7.0\include" /Zi /nologo /W3 /WX- /O2 /Oi /GL /D WIN32 /D WIN64 /D NDEBUG /D _CONSOLE /D _MBCS /Gm- /EHsc /MD /GS /Gy /Zc:wchar_t /Zc:forScope /Fo"x64\Release\\" /Fd"x64\Release\vc120.pdb" /Gd /TP /errorReport:prompt eTimer.cpp Source.cpp
         eTimer.cpp
     1>eTimer.cpp(14): warning C4101: 'count' : variable local sin referencia
         Source.cpp
       Link:
         C:\Program Files (x86)\Microsoft Visual Studio 12.0\VC\bin\x86_amd64\link.exe /ERRORREPORT:PROMPT /OUT:"C:\Users\usuario\Desktop\P8\DenseLinearsolver\x64\Release\DenseLinearsolver.exe" /NOLOGO /LIBPATH:"C:\Program Files (x86)\Intel\Composer XE 2015\mkl\lib\intel64" /LIBPATH:"C:\Program Files\NVIDIA GPU Computing Toolkit\CUDA\v7.0\lib\x64" mkl_core.lib mkl_sequential.lib mkl_intel_lp64.lib cusolver.lib cudart.lib kernel32.lib user32.lib gdi32.lib winspool.lib comdlg32.lib advapi32.lib shell32.lib ole32.lib oleaut32.lib uuid.lib odbc32.lib odbccp32.lib kernel32.lib user32.lib gdi32.lib winspool.lib comdlg32.lib advapi32.lib shell32.lib ole32.lib oleaut32.lib uuid.lib odbc32.lib odbccp32.lib /MANIFEST /MANIFESTUAC:"level='asInvoker' uiAccess='false'" /manifest:embed /DEBUG /PDB:"C:\Users\usuario\Desktop\P8\DenseLinearsolver\x64\Release\DenseLinearsolver.pdb" /SUBSYSTEM:CONSOLE /OPT:REF /OPT:ICF /LTCG /TLBID:1 /DYNAMICBASE /NXCOMPAT /IMPLIB:"C:\Users\usuario\Desktop\P8\DenseLinearsolver\x64\Release\DenseLinearsolver.lib" /MACHINE:X64 x64\Release\eTimer.obj
         x64\Release\Source.obj
         Generando código
         Generación de código finalizada
         DenseLinearsolver.vcxproj -> C:\Users\usuario\Desktop\P8\DenseLinearsolver\x64\Release\DenseLinearsolver.exe
       PostBuildEvent:
         echo copy "C:\Program Files\NVIDIA GPU Computing Toolkit\CUDA\v7.0\bin\cudart*.dll" "C:\Users\usuario\Desktop\P8\DenseLinearsolver\x64\Release\"
         copy "C:\Program Files\NVIDIA GPU Computing Toolkit\CUDA\v7.0\bin\cudart*.dll" "C:\Users\usuario\Desktop\P8\DenseLinearsolver\x64\Release\"
         :VCEnd
         copy "C:\Program Files\NVIDIA GPU Computing Toolkit\CUDA\v7.0\bin\cudart*.dll" "C:\Users\usuario\Desktop\P8\DenseLinearsolver\x64\Release\"
         C:\Program Files\NVIDIA GPU Computing Toolkit\CUDA\v7.0\bin\cudart32_70.dll
         C:\Program Files\NVIDIA GPU Computing Toolkit\CUDA\v7.0\bin\cudart64_70.dll
                 2 archivo(s) copiado(s).
     1>Compilación del proyecto terminada "C:\Users\usuario\Desktop\P8\DenseLinearsolver\DenseLinearsolver\DenseLinearsolver.vcxproj" (Build destinos).

Compilación correcta.

Tiempo transcurrido 00:00:02.77
